2019-07-23 16:30:48,229 - [INFO] - os-Jt1HW97Fqc9iid04JFlEDjCXo 没水 text household_food_waste sap
2019-07-23 16:48:08,231 - [INFO] - os-Jt1PCwq-R9awiMmc5O2-JTxfY 花生壳 text household_food_waste Shanghai
2019-07-23 16:48:29,419 - [INFO] - os-Jt1DuXcZQ_GPfM_B5B3_Iw3gE 西瓜子壳 text household_food_waste Shanghai
2019-07-23 16:48:41,541 - [INFO] - os-Jt1PCwq-R9awiMmc5O2-JTxfY 桃核 text household_food_waste Shanghai
2019-07-23 17:23:31,290 - [INFO] - os-Jt1OQQ035jS6oKuUiCk6FawTQ 牛奶盒 text recyclable Shanghai
2019-07-23 18:00:20,352 - [INFO] - os-Jt1GVwk3iA5l3-R_YC2K7YO3Q 垃圾 text introduction sap
2019-07-23 18:00:27,807 - [INFO] - os-Jt1GVwk3iA5l3-R_YC2K7YO3Q 地铁 text recyclable sap
2019-07-23 18:02:40,825 - [INFO] - os-Jt1MqqWkNhsOIansgkrTdrxYc 口香糖 text residual_waste Shanghai
2019-07-23 18:19:30,658 - [INFO] - os-Jt1H_P0tusLKBBwYRL2h6AyXA 骨头 text household_food_waste sap
2019-07-23 18:27:51,241 - [INFO] - os-Jt1EYyPbQUQINIh0StVd90emw 南孚电池 voice harmful-waste sap
2019-07-23 18:28:11,207 - [INFO] - os-Jt1EYyPbQUQINIh0StVd90emw 南孚电池 text harmful-waste sap
2019-07-23 18:45:03,897 - [INFO] - os-Jt1IoeeJnUEFx85jWZhHkZAA0 玉米芯子 text household_food_waste sap
2019-07-23 18:57:49,349 - [INFO] - os-Jt1HTc0LMutNlDUGpQKbXpVfo 拖鞋 text recyclable sap
2019-07-23 18:59:20,231 - [INFO] - os-Jt1MMeW13DqUxoCVGpRR6-rFg 茶叶渣 text household_food_waste Shanghai
2019-07-23 19:01:53,924 - [INFO] - os-Jt1MMeW13DqUxoCVGpRR6-rFg 过期食品 text household_food_waste Shanghai
2019-07-23 19:03:45,554 - [INFO] - os-Jt1MMeW13DqUxoCVGpRR6-rFg 干香菇 text household_food_waste Shanghai
2019-07-23 19:05:48,204 - [INFO] - os-Jt1MMeW13DqUxoCVGpRR6-rFg 过期药品 text harmful-waste Shanghai
2019-07-23 19:06:50,744 - [INFO] - os-Jt1MMeW13DqUxoCVGpRR6-rFg 碎玻璃 text recyclable Shanghai
2019-07-23 19:08:11,474 - [INFO] - os-Jt1MMeW13DqUxoCVGpRR6-rFg 荧光灯 text harmful-waste Shanghai
2019-07-23 19:09:54,795 - [INFO] - os-Jt1MMeW13DqUxoCVGpRR6-rFg 杂志 text recyclable Shanghai
2019-07-23 19:10:26,706 - [INFO] - os-Jt1MMeW13DqUxoCVGpRR6-rFg 收音机 text recyclable sap
2019-07-23 19:10:35,939 - [INFO] - os-Jt1MMeW13DqUxoCVGpRR6-rFg 手电筒 text recyclable sap
2019-07-23 19:10:57,306 - [INFO] - os-Jt1MMeW13DqUxoCVGpRR6-rFg 口红 text residual_waste Shanghai
2019-07-23 19:12:32,763 - [INFO] - os-Jt1DSGqqcJnx9n6WND48fEwBg 助手 voice none sap
2019-07-23 19:12:39,464 - [INFO] - os-Jt1DSGqqcJnx9n6WND48fEwBg 西瓜皮 text household_food_waste Shanghai
2019-07-23 19:20:00,829 - [INFO] - os-Jt1GmZBTHyim9gAriLVjXfV-k 茶包 text residual_waste Shanghai
2019-07-23 19:55:57,347 - [INFO] - os-Jt1Aq0F14ch2sgMnL9MW5Rd_c 可降解垃圾袋 text residual_waste Shanghai
2019-07-23 20:02:18,718 - [INFO] - os-Jt1DRmzSziiSTMR97GU8vZiwY 桃核 text household_food_waste Shanghai
2019-07-23 20:05:53,902 - [INFO] - os-Jt1EBB_CjorfIAXNHzP9jwUcY 螺丝 text recyclable Shanghai
2019-07-23 20:06:08,008 - [INFO] - os-Jt1EBB_CjorfIAXNHzP9jwUcY 螺狮 text none sap
2019-07-23 20:06:18,269 - [INFO] - os-Jt1EBB_CjorfIAXNHzP9jwUcY 海螺 text residual_waste Shanghai
2019-07-23 20:06:31,134 - [INFO] - os-Jt1EBB_CjorfIAXNHzP9jwUcY 贝壳 text residual_waste Shanghai
2019-07-23 20:38:07,276 - [INFO] - os-Jt1LZ60jpTOutYWMRrh-V-TuY 椰子是什么垃圾 voice none sap
2019-07-23 20:38:27,872 - [INFO] - os-Jt1LZ60jpTOutYWMRrh-V-TuY 椰子壳 text residual_waste Shanghai
2019-07-23 20:39:23,493 - [INFO] - os-Jt1LZ60jpTOutYWMRrh-V-TuY 椰子肉 text household_food_waste Shanghai
2019-07-23 20:39:36,173 - [INFO] - os-Jt1LZ60jpTOutYWMRrh-V-TuY 椰子皮 text none sap
2019-07-23 21:32:24,952 - [INFO] - os-Jt1A6eu1fodNxbn7sNkwquxzo 橡皮泥 text residual_waste sap
2019-07-23 21:32:26,118 - [INFO] - os-Jt1A6eu1fodNxbn7sNkwquxzo 橡皮泥 text residual_waste sap
2019-07-23 21:39:38,102 - [INFO] - os-Jt1KGxOO_NPd4jU4czksJ1Axs 玩具 text recyclable sap
2019-07-23 22:39:39,779 - [INFO] - os-Jt1BV4EZT9tdWiQtSN1nkIr_Y 卫生棉 text residual_waste sap
2019-07-23 22:39:40,838 - [INFO] - os-Jt1BV4EZT9tdWiQtSN1nkIr_Y 卫生棉 text residual_waste sap
2019-07-24 00:34:59,097 - [INFO] - os-Jt1IYN_1AfrHwZdXt8tSUuQMs 玻璃瓶 text recyclable Shanghai
2019-07-24 07:19:37,896 - [INFO] - os-Jt1CvYW9vlgP_WlynrxcDPb1I 皮带 text recyclable Shanghai
2019-07-24 07:51:45,639 - [INFO] - os-Jt1JQvwiPpZsHCv9ZzNtJvxzM 多肉 text household_food_waste sap
2019-07-24 07:51:58,759 - [INFO] - os-Jt1JQvwiPpZsHCv9ZzNtJvxzM 花 text household_food_waste Shanghai
2019-07-24 07:52:12,432 - [INFO] - os-Jt1JQvwiPpZsHCv9ZzNtJvxzM 泥土 text residual_waste sap
2019-07-24 07:52:33,728 - [INFO] - os-Jt1JQvwiPpZsHCv9ZzNtJvxzM 塑料壳 text recyclable sap
2019-07-24 07:58:24,235 - [INFO] - os-Jt1IGjf_SJTiruU9fI72e1BQQ 果核 text household_food_waste sap
2019-07-24 07:58:36,598 - [INFO] - os-Jt1IGjf_SJTiruU9fI72e1BQQ 包子 text household_food_waste Shanghai
2019-07-24 08:12:00,068 - [INFO] - os-Jt1DhR_k99_HeWCit9odwbPAI 粽子叶 text residual_waste Shanghai
2019-07-24 08:12:28,011 - [INFO] - os-Jt1DhR_k99_HeWCit9odwbPAI 鸡蛋壳 text household_food_waste Shanghai
2019-07-24 08:32:10,014 - [INFO] - os-Jt1F3IulB4YpzL5WXMJ1KtJsE 纸巾 text residual_waste Shanghai
2019-07-24 08:49:06,135 - [INFO] - os-Jt1I2MUtClS2un0I2uCduN2f0 湿纸巾 text residual_waste Shanghai
2019-07-24 09:08:17,996 - [INFO] - os-Jt1MnptVUkBbvN5afXgbNmyjQ 泡沫 text recyclable sap
2019-07-24 09:09:07,494 - [INFO] - os-Jt1MnptVUkBbvN5afXgbNmyjQ 塑料泡沫 text recyclable sap
2019-07-24 09:36:55,454 - [INFO] - os-Jt1I_TM7dqh3EISnaXO0NQEe4 香蕉皮 voice household_food_waste Shanghai
2019-07-24 09:37:14,305 - [INFO] - os-Jt1I_TM7dqh3EISnaXO0NQEe4 塑料袋 voice residual_waste Shanghai
2019-07-24 09:37:48,929 - [INFO] - os-Jt1I_TM7dqh3EISnaXO0NQEe4 电池 voice harmful-waste Shanghai
2019-07-24 09:38:05,042 - [INFO] - os-Jt1I_TM7dqh3EISnaXO0NQEe4 玻璃瓶 voice recyclable Shanghai
2019-07-24 10:19:27,020 - [INFO] - os-Jt1GmZBTHyim9gAriLVjXfV-k [(u'\u5496\u5561', 0.626214), (u'\u70df\u7070\u7f38', 0.491536), (u'\u6d77\u53c1\u6c64', 0.354728), (u'\u6d77\u53c2', 0.220577), (u'\u51b2\u8c03\u996e\u6599-\u829d\u9ebb\u7cca', 0.085901)] image none sap
2019-07-24 10:19:56,606 - [INFO] - os-Jt1GmZBTHyim9gAriLVjXfV-k [(u'\u5de5\u827a\u54c1', 0.214214), (u'\u6c99\u53d1', 0.239707), (u'\u5730\u677f\u7816', 0.14885), (u'\u9999\u7682', 0.077192), (u'\u751c\u54c1', 0.005141)] image none sap
2019-07-24 10:31:39,782 - [INFO] - os-Jt1PhFmlWSR1BBVvHSbUGzxME 鸡蛋壳 text household_food_waste Shanghai
2019-07-24 10:48:11,972 - [INFO] - os-Jt1G2jq6XrCxobaAM8VIqp6G4 口香糖 text residual_waste Shanghai
2019-07-24 10:53:51,539 - [INFO] - os-Jt1MnptVUkBbvN5afXgbNmyjQ 华总 text sensitive_words sap
2019-07-24 10:54:10,174 - [INFO] - os-Jt1MnptVUkBbvN5afXgbNmyjQ 骨灰 text none sap
2019-07-24 11:11:20,474 - [INFO] - os-Jt1MTjp724mjNFQFStY6JO-AU 纸杯 text residual_waste sap
2019-07-24 11:44:00,236 - [INFO] - os-Jt1B5cJx9nKBvvXCpwsgYsdj8 猪骨头 text residual_waste sap
2019-07-24 12:19:57,675 - [INFO] - os-Jt1Mw7lZj2tpYowy0kcWp3Vb0 粽叶 text residual_waste Shanghai
2019-07-24 12:38:02,535 - [INFO] - os-Jt1AfDX1HO-Bhie8zduDBngPw 打火机 text residual_waste Shanghai
2019-07-24 13:16:41,647 - [INFO] - os-Jt1D0oWBhMfVn4wdLIWW7cUmk 过期未开封的食品 text none sap
2019-07-24 13:16:46,666 - [INFO] - os-Jt1D0oWBhMfVn4wdLIWW7cUmk 过期未开封的食品 text none sap
2019-07-24 13:16:48,417 - [INFO] - os-Jt1D0oWBhMfVn4wdLIWW7cUmk 过期未开封的食品 text none sap
2019-07-24 13:50:40,694 - [INFO] - os-Jt1CmPXvX2LOcv9kznMMnkEXs 鼠标 text recyclable sap
2019-07-24 13:51:02,504 - [INFO] - os-Jt1CmPXvX2LOcv9kznMMnkEXs 鼠标 text recyclable sap
2019-07-24 13:51:26,598 - [INFO] - os-Jt1CmPXvX2LOcv9kznMMnkEXs 鼠标 text recyclable sap
2019-07-24 13:52:13,773 - [INFO] - os-Jt1GVwk3iA5l3-R_YC2K7YO3Q 鼠标 text recyclable sap
2019-07-24 13:52:15,728 - [INFO] - os-Jt1GVwk3iA5l3-R_YC2K7YO3Q 鼠标 text recyclable sap
2019-07-24 13:52:18,162 - [INFO] - os-Jt1GVwk3iA5l3-R_YC2K7YO3Q 垃圾 text introduction sap
2019-07-24 13:52:18,485 - [INFO] - os-Jt1GVwk3iA5l3-R_YC2K7YO3Q 鼠标 text recyclable sap
2019-07-24 13:52:20,126 - [INFO] - os-Jt1GVwk3iA5l3-R_YC2K7YO3Q 垃圾 text introduction sap
2019-07-24 13:52:46,729 - [INFO] - os-Jt1GVwk3iA5l3-R_YC2K7YO3Q 鼠标 text recyclable sap
2019-07-24 13:53:07,548 - [INFO] - os-Jt1GVwk3iA5l3-R_YC2K7YO3Q 鼠标 text recyclable sap
2019-07-24 13:53:14,597 - [INFO] - os-Jt1GVwk3iA5l3-R_YC2K7YO3Q 辣椒 text household_food_waste Shanghai
2019-07-24 13:53:58,509 - [INFO] - os-Jt1GVwk3iA5l3-R_YC2K7YO3Q 纸巾 text residual_waste Shanghai
2019-07-24 13:54:06,145 - [INFO] - os-Jt1GVwk3iA5l3-R_YC2K7YO3Q 纸巾 text residual_waste Shanghai
2019-07-24 13:56:02,641 - [INFO] - os-Jt1CmPXvX2LOcv9kznMMnkEXs 鼠标 text recyclable sap
2019-07-24 14:02:10,119 - [INFO] - os-Jt1HW97Fqc9iid04JFlEDjCXo 哈 text none sap
2019-07-24 14:08:31,659 - [INFO] - os-Jt1Iy6CocRFbqSSVFMrwgkeSw 塑料吸管 text residual_waste sap
2019-07-24 14:08:44,870 - [INFO] - os-Jt1Iy6CocRFbqSSVFMrwgkeSw 塑料吸管 text residual_waste sap
2019-07-24 14:08:50,717 - [INFO] - os-Jt1Iy6CocRFbqSSVFMrwgkeSw 酸奶杯 text residual_waste sap
2019-07-24 14:09:02,059 - [INFO] - os-Jt1Iy6CocRFbqSSVFMrwgkeSw 酸奶杯 text residual_waste sap
2019-07-24 14:09:04,392 - [INFO] - os-Jt1Iy6CocRFbqSSVFMrwgkeSw 酸奶杯 text residual_waste sap
2019-07-24 14:09:19,833 - [INFO] - os-Jt1Iy6CocRFbqSSVFMrwgkeSw 酸奶杯 text residual_waste sap
2019-07-24 14:09:23,570 - [INFO] - os-Jt1Iy6CocRFbqSSVFMrwgkeSw 酸奶杯 text residual_waste sap
2019-07-24 14:09:42,339 - [INFO] - os-Jt1Iy6CocRFbqSSVFMrwgkeSw 酸奶瓶 text recyclable sap
2019-07-24 14:09:46,217 - [INFO] - os-Jt1Iy6CocRFbqSSVFMrwgkeSw 酸奶瓶 text recyclable sap
2019-07-24 14:16:29,982 - [INFO] - os-Jt1CmPXvX2LOcv9kznMMnkEXs 塑料盒 text recyclable Shanghai
2019-07-24 14:20:45,213 - [INFO] - os-Jt1NwKmdHIYgKVVXISwnT18mw 本子 text recyclable Shanghai
2019-07-24 14:39:34,772 - [INFO] - os-Jt1I4Cq9YOX-2V2fiQZa7IHxA 咖啡塑料杯 text none sap
2019-07-24 15:01:38,477 - [INFO] - os-Jt1IP4SrSwj_R_eHFRcMy2vJw 吸鼻器 image residual_waste sap
2019-07-24 15:01:39,430 - [INFO] - os-Jt1IP4SrSwj_R_eHFRcMy2vJw 吸鼻器 image residual_waste sap
2019-07-24 15:17:33,351 - [INFO] - os-Jt1DsL21F79-hDM4YQM_5VCYk 椰子壳 text residual_waste Shanghai
2019-07-24 15:40:21,877 - [INFO] - os-Jt1KeSf7nrh0whiJ9sovE1Z-8 柠檬茶 text household_food_waste sap
2019-07-24 15:48:33,512 - [INFO] - os-Jt1KUrkdaSnNhqCEhz1Y_eY-E 纸袋子 text residual_waste sap
2019-07-24 15:48:45,104 - [INFO] - os-Jt1KUrkdaSnNhqCEhz1Y_eY-E 饮料盒 text recyclable sap
2019-07-24 15:54:48,738 - [INFO] - os-Jt1IONuwHZWq50qo3aUhrOXkQ 电脑 text recyclable sap
2019-07-24 15:55:00,794 - [INFO] - os-Jt1IONuwHZWq50qo3aUhrOXkQ 塑料袋 text residual_waste Shanghai
2019-07-24 15:57:00,542 - [INFO] - os-Jt1F9z_MwwUsNHIjWrVZokA1w 米线 text household_food_waste sap
2019-07-24 15:57:49,342 - [INFO] - os-Jt1AKxS2Hjg9kzT37AWGYaKAs 酸奶 text household_food_waste sap
2019-07-24 15:58:13,128 - [INFO] - os-Jt1AKxS2Hjg9kzT37AWGYaKAs 酸奶 text household_food_waste sap
2019-07-24 15:58:16,825 - [INFO] - os-Jt1AKxS2Hjg9kzT37AWGYaKAs 酸奶 text household_food_waste sap
2019-07-24 15:59:34,103 - [INFO] - os-Jt1AKxS2Hjg9kzT37AWGYaKAs 排骨 text household_food_waste Shanghai
2019-07-24 16:03:01,079 - [INFO] - os-Jt1OjWCXLgCv2bz2V885dBke8 杯形饼 text residual_waste sap
2019-07-24 16:24:01,207 - [INFO] - os-Jt1Beg8JmCw_1Y5aX1Dv8mLPY 酸奶盒子 text residual_waste sap
2019-07-24 16:24:03,870 - [INFO] - os-Jt1Beg8JmCw_1Y5aX1Dv8mLPY 酸奶盒子 text residual_waste sap
2019-07-24 16:24:07,037 - [INFO] - os-Jt1Beg8JmCw_1Y5aX1Dv8mLPY 酸奶盒子 text residual_waste sap
2019-07-24 16:24:20,752 - [INFO] - os-Jt1Beg8JmCw_1Y5aX1Dv8mLPY 吉利嘉际 text none sap
2019-07-24 16:24:26,365 - [INFO] - os-Jt1Beg8JmCw_1Y5aX1Dv8mLPY 我OK可怜 text none sap
2019-07-24 16:24:32,544 - [INFO] - os-Jt1Beg8JmCw_1Y5aX1Dv8mLPY 猪 text household_food_waste sap
2019-07-24 17:03:56,085 - [INFO] - os-Jt1IvKSwxF-qRmCHBMQWgqHzo 瓜子壳 text household_food_waste Shanghai
2019-07-24 17:04:02,302 - [INFO] - os-Jt1Lu16nmMtVo_M2PX7jSILr0 瓜子壳 text household_food_waste Shanghai
2019-07-24 18:11:19,410 - [INFO] - os-Jt1IKpkxi1I_jpBk-yioVzk0M 蛤蜊壳 text residual_waste Shanghai
2019-07-24 18:33:58,430 - [INFO] - os-Jt1JhsVIMv0QWZUmiXSnBMJzs 零食盒 text recyclable sap
2019-07-24 18:33:59,994 - [INFO] - os-Jt1OJ72nfJWcYh_vbQqkRLO7o 饮料瓶 text recyclable sap
2019-07-24 18:34:24,073 - [INFO] - os-Jt1JhsVIMv0QWZUmiXSnBMJzs 零食塑料包装 text recyclable sap
2019-07-24 18:35:29,051 - [INFO] - os-Jt1JhsVIMv0QWZUmiXSnBMJzs 头发 text residual_waste Shanghai
2019-07-24 18:35:43,984 - [INFO] - os-Jt1JhsVIMv0QWZUmiXSnBMJzs 计算器 text recyclable sap
2019-07-24 18:59:12,332 - [INFO] - os-Jt1OjWCXLgCv2bz2V885dBke8 蛋糕 text household_food_waste Shanghai
2019-07-24 18:59:24,365 - [INFO] - os-Jt1OjWCXLgCv2bz2V885dBke8 蛋糕 text household_food_waste Shanghai
2019-07-24 18:59:39,963 - [INFO] - os-Jt1OjWCXLgCv2bz2V885dBke8 雪糕 text household_food_waste sap
2019-07-24 19:00:12,304 - [INFO] - os-Jt1OjWCXLgCv2bz2V885dBke8 宿灏 text none sap
2019-07-24 19:18:55,652 - [INFO] - os-Jt1MvXfFtEiiCPZoKtX9rdAXU 蛋壳 text household_food_waste Shanghai
2019-07-24 19:19:29,757 - [INFO] - os-Jt1M_ZWChIHKkvgbpfW3cs_rI 篮球 text recyclable Shanghai
2019-07-24 19:57:02,955 - [INFO] - os-Jt1BuDg6zSJXyNodd5OQh1Vfg 火车票 text residual_waste sap
2019-07-24 19:57:16,473 - [INFO] - os-Jt1Dtd1f3sS5PMPtPbTlC8OGc 椰子 text residual_waste sap
2019-07-24 19:58:09,002 - [INFO] - os-Jt1GP6NfOo-PfabPM_7nwS2XM 尿不湿 text residual_waste Shanghai
2019-07-24 20:00:27,620 - [INFO] - os-Jt1CwUA_dxQcPWjy-L2GGsNbU 青口贝 text residual_waste sap
2019-07-24 20:01:28,981 - [INFO] - os-Jt1AR1ae8mruWTQ0am1o8Guko 椰子怎么分类 voice introduction sap
2019-07-24 20:02:03,710 - [INFO] - os-Jt1GVwk3iA5l3-R_YC2K7YO3Q 纸巾 text residual_waste Shanghai
2019-07-24 20:02:10,233 - [INFO] - os-Jt1GVwk3iA5l3-R_YC2K7YO3Q 大骨头 text residual_waste Shanghai
2019-07-24 20:02:14,276 - [INFO] - os-Jt1GVwk3iA5l3-R_YC2K7YO3Q 大米 text household_food_waste Shanghai
2019-07-24 20:02:17,669 - [INFO] - os-Jt1GVwk3iA5l3-R_YC2K7YO3Q 小米 text household_food_waste Shanghai
2019-07-24 20:04:34,465 - [INFO] - os-Jt1GVwk3iA5l3-R_YC2K7YO3Q 过期大米 text household_food_waste Shanghai
2019-07-24 20:05:15,140 - [INFO] - os-Jt1GP6NfOo-PfabPM_7nwS2XM 香烟 text residual_waste sap
2019-07-24 20:05:38,493 - [INFO] - os-Jt1GVwk3iA5l3-R_YC2K7YO3Q 榴莲果子 text household_food_waste sap
2019-07-24 20:05:46,645 - [INFO] - os-Jt1GVwk3iA5l3-R_YC2K7YO3Q 榴莲壳 text residual_waste Shanghai
2019-07-24 20:22:04,436 - [INFO] - os-Jt1EfX9BecFZ2_tQCbkJ6fVoQ 酒瓶 text recyclable Shanghai
2019-07-24 20:22:15,330 - [INFO] - os-Jt1EfX9BecFZ2_tQCbkJ6fVoQ 玻璃 text recyclable Shanghai
2019-07-24 20:22:23,778 - [INFO] - os-Jt1EfX9BecFZ2_tQCbkJ6fVoQ 西瓜皮 text household_food_waste Shanghai
2019-07-24 20:22:36,766 - [INFO] - os-Jt1EfX9BecFZ2_tQCbkJ6fVoQ 旧衣服 text residual_waste sap
2019-07-24 20:22:58,854 - [INFO] - os-Jt1EfX9BecFZ2_tQCbkJ6fVoQ 衣服 text recyclable Shanghai
2019-07-24 20:23:16,225 - [INFO] - os-Jt1EfX9BecFZ2_tQCbkJ6fVoQ 旧玩具 text recyclable sap
2019-07-24 20:53:08,837 - [INFO] - os-Jt1ArL0mNsmny2RqXwG2qYEhA 袋子 text residual_waste sap
2019-07-24 20:53:15,448 - [INFO] - os-Jt1ArL0mNsmny2RqXwG2qYEhA 袋子 text residual_waste sap
2019-07-24 20:53:17,863 - [INFO] - os-Jt1ArL0mNsmny2RqXwG2qYEhA 袋子 text residual_waste sap
2019-07-24 20:54:11,330 - [INFO] - os-Jt1ArL0mNsmny2RqXwG2qYEhA 湿垃圾 text household_food_waste sap
2019-07-24 21:12:39,769 - [INFO] - os-Jt1LwAv1xs9MDhjUITV2lDAJI 榴莲壳 text residual_waste Shanghai
2019-07-24 21:12:56,097 - [INFO] - os-Jt1LwAv1xs9MDhjUITV2lDAJI 蛤蜊壳 text residual_waste Shanghai
2019-07-24 21:13:10,183 - [INFO] - os-Jt1LwAv1xs9MDhjUITV2lDAJI 牡蛎 text none sap
2019-07-24 21:13:28,949 - [INFO] - os-Jt1LwAv1xs9MDhjUITV2lDAJI 牡蛎壳 text residual_waste Shanghai
2019-07-25 06:29:45,619 - [INFO] - os-Jt1Lf7Wq0KlhDEsPFhacb4UiA 鸡蛋壳 text household_food_waste Shanghai
2019-07-25 06:42:05,349 - [INFO] - os-Jt1CG3WJl6ZJ7Ya8jQy6xNER4 [呀！] text none sap
2019-07-25 08:16:06,330 - [INFO] - os-Jt1C_zm5KPBfyy2Udg8bsuknc 蚊子 text household_food_waste Shanghai
2019-07-25 08:28:51,940 - [INFO] - os-Jt1IzwtLKPY-O8BVtSI0JsSCg 化妆品空瓶 text recyclable sap
2019-07-25 08:29:18,869 - [INFO] - os-Jt1IzwtLKPY-O8BVtSI0JsSCg 剩菜 text household_food_waste sap
2019-07-25 09:01:54,406 - [INFO] - os-Jt1EldEoi0QjaxMPBDbi4miz0 手机 text recyclable sap
2019-07-25 09:02:07,350 - [INFO] - os-Jt1EldEoi0QjaxMPBDbi4miz0 鱼骨头 text household_food_waste Shanghai
2019-07-25 09:09:18,648 - [INFO] - os-Jt1Kf9tKSz4qom3kEWGEp6Yk0 碎玻璃 text recyclable Shanghai
2019-07-25 09:09:41,976 - [INFO] - os-Jt1Kf9tKSz4qom3kEWGEp6Yk0 化妆品罐 text residual_waste sap
2019-07-25 09:19:14,900 - [INFO] - os-Jt1DyY89N116U1mMHIYaIwE9A 封箱带 text residual_waste Shanghai
2019-07-25 09:24:46,334 - [INFO] - os-Jt1F9BBVhSGgi56PgaSSduuzA 过期面膜 text residual_waste sap
2019-07-25 09:48:08,042 - [INFO] - os-Jt1AN58UpCjRGrUcJ39vxjbVE 苹果 text household_food_waste Shanghai
2019-07-25 10:46:57,936 - [INFO] - os-Jt1GP6NfOo-PfabPM_7nwS2XM 鱼 text household_food_waste Shanghai
2019-07-25 10:49:33,115 - [INFO] - os-Jt1N81MV6cazQ7gKuy2FY41jc 纸 text recyclable Shanghai
2019-07-25 10:49:45,991 - [INFO] - os-Jt1N81MV6cazQ7gKuy2FY41jc 电池 text harmful-waste Shanghai
2019-07-25 10:50:02,166 - [INFO] - os-Jt1N81MV6cazQ7gKuy2FY41jc 电池 text harmful-waste Shanghai
2019-07-25 10:50:02,845 - [INFO] - os-Jt1N81MV6cazQ7gKuy2FY41jc 滇池 text recyclable sap
2019-07-25 10:50:07,928 - [INFO] - os-Jt1N81MV6cazQ7gKuy2FY41jc 滇池 text recyclable sap
2019-07-25 10:50:07,985 - [INFO] - os-Jt1N81MV6cazQ7gKuy2FY41jc 滇池 text recyclable sap
2019-07-25 10:59:14,281 - [INFO] - os-Jt1FaCt0f4Du2DMIBwpxehgF0 茶包 text residual_waste Shanghai
2019-07-25 10:59:41,452 - [INFO] - os-Jt1FaCt0f4Du2DMIBwpxehgF0 核桃壳 text residual_waste Shanghai
2019-07-25 11:00:07,649 - [INFO] - os-Jt1FaCt0f4Du2DMIBwpxehgF0 香蕉皮 text household_food_waste Shanghai
2019-07-25 11:23:03,506 - [INFO] - os-Jt1MML2hhy5KI2fZUtFhRoQpw 人体 text none sap
2019-07-25 11:24:02,205 - [INFO] - os-Jt1MML2hhy5KI2fZUtFhRoQpw 所以你不懂英语？ text recyclable sap
2019-07-25 11:43:32,422 - [INFO] - os-Jt1HXyBOWRz5J8dTT1JCYX7wQ 生虫的米 text household_food_waste sap
2019-07-25 11:57:12,656 - [INFO] - os-Jt1KBbsRnP7U-jHBMxsZeC7WY 电脑 text recyclable sap
2019-07-25 11:57:50,482 - [INFO] - os-Jt1KBbsRnP7U-jHBMxsZeC7WY 呕吐物 text household_food_waste sap
2019-07-25 11:58:10,170 - [INFO] - os-Jt1KBbsRnP7U-jHBMxsZeC7WY 避孕套 text residual_waste Shanghai
2019-07-25 11:58:47,322 - [INFO] - os-Jt1KBbsRnP7U-jHBMxsZeC7WY 老师 text household_food_waste sap
2019-07-25 11:58:51,271 - [INFO] - os-Jt1KBbsRnP7U-jHBMxsZeC7WY 上司 text country_city sap
2019-07-25 11:59:25,748 - [INFO] - os-Jt1KBbsRnP7U-jHBMxsZeC7WY 屁 text none sap
2019-07-25 11:59:45,596 - [INFO] - os-Jt1KBbsRnP7U-jHBMxsZeC7WY 眼泪 text none sap
2019-07-25 12:00:07,781 - [INFO] - os-Jt1KBbsRnP7U-jHBMxsZeC7WY 房屋 text none sap
2019-07-25 12:16:02,151 - [INFO] - os-Jt1AyP84f1WI8Sh5mQllw1Hg0 口香糖 text residual_waste Shanghai
2019-07-25 12:22:23,894 - [INFO] - os-Jt1GKqLhcx-uvTNwLYhkgxu_4 茶叶包 voice residual_waste Shanghai
2019-07-25 12:22:44,603 - [INFO] - os-Jt1GKqLhcx-uvTNwLYhkgxu_4 茶叶包 text residual_waste Shanghai
2019-07-25 12:29:37,073 - [INFO] - os-Jt1PKNSJeV4Qt17g_p3rwLnVg 苹果 text household_food_waste Shanghai
2019-07-25 12:40:01,544 - [INFO] - os-Jt1IOwra5NJ2fOsO_jbt8uMUU 碎玻璃 text recyclable Shanghai
2019-07-25 13:17:46,318 - [INFO] - os-Jt1Mjsvxm1gYDYoi4jcNSU0FU 苹果核 text household_food_waste Shanghai
2019-07-25 13:44:17,326 - [INFO] - os-Jt1ES8I1a07H5R6XHkf7l3jH4 孔雀 text none sap
2019-07-25 14:08:25,391 - [INFO] - os-Jt1LG5YaHTNx1aUISLriFqFmA 茶包 text residual_waste Shanghai
2019-07-25 14:10:14,264 - [INFO] - os-Jt1OJ72nfJWcYh_vbQqkRLO7o 纸盒饮料瓶 text recyclable sap
2019-07-25 14:10:50,315 - [INFO] - os-Jt1OJ72nfJWcYh_vbQqkRLO7o 牛奶瓶 text recyclable sap
2019-07-25 14:17:01,255 - [INFO] - os-Jt1Cntdy0W6_rPiKWsc7rZPho 热水瓶 text recyclable sap
2019-07-25 14:18:13,451 - [INFO] - os-Jt1HDQdEzCx0nsWFNiCrzrnKI 口香糖 text residual_waste Shanghai
2019-07-25 14:21:01,975 - [INFO] - os-Jt1HXONwKp1DhqUpOOrBYLnyU 蛇皮袋是什么垃圾 text none sap
2019-07-25 14:23:00,070 - [INFO] - os-Jt1HXONwKp1DhqUpOOrBYLnyU 尼龙编织袋是什么垃圾 text residual_waste sap
2019-07-25 14:25:19,634 - [INFO] - os-Jt1Ow14zpt1vWu4gzZOhNyPQM 糖纸 text residual_waste sap
2019-07-25 14:25:21,262 - [INFO] - os-Jt1Ow14zpt1vWu4gzZOhNyPQM 糖纸 text residual_waste sap
2019-07-25 14:38:25,211 - [INFO] - os-Jt1Cr3SM32HoNpGZB1lMOhwFA 牙签 text residual_waste Shanghai
2019-07-25 15:50:47,741 - [INFO] - os-Jt1AJWuvOSiok1YwS-2Q_kXwI 茶叶包 text residual_waste Shanghai
2019-07-25 15:52:19,352 - [INFO] - os-Jt1AJWuvOSiok1YwS-2Q_kXwI 打碎的瓷碗 text residual_waste sap
2019-07-25 15:52:19,613 - [INFO] - os-Jt1AJWuvOSiok1YwS-2Q_kXwI 打碎的瓷碗 text residual_waste sap
2019-07-25 15:52:20,569 - [INFO] - os-Jt1AJWuvOSiok1YwS-2Q_kXwI 打碎的瓷碗 text residual_waste sap
2019-07-25 15:52:23,762 - [INFO] - os-Jt1AJWuvOSiok1YwS-2Q_kXwI 打碎的瓷碗 text residual_waste sap
2019-07-25 15:52:29,213 - [INFO] - os-Jt1AJWuvOSiok1YwS-2Q_kXwI 打碎的瓷碗 text residual_waste sap
2019-07-25 15:54:23,527 - [INFO] - os-Jt1IWIx6SviyekiA2cVhMzGCU 玉米棒 text household_food_waste Shanghai
2019-07-25 15:55:00,000 - [INFO] - os-Jt1AJWuvOSiok1YwS-2Q_kXwI 烂雨伞 text recyclable sap
2019-07-25 15:55:01,030 - [INFO] - os-Jt1AJWuvOSiok1YwS-2Q_kXwI 烂雨伞 text recyclable sap
2019-07-25 15:56:46,895 - [INFO] - os-Jt1EHdbd-y2jUDAIvoHC4aXKA 冰袋 text residual_waste Shanghai
2019-07-25 16:25:43,380 - [INFO] - os-Jt1GKqLhcx-uvTNwLYhkgxu_4 ASDF text none sap
2019-07-25 16:25:49,709 - [INFO] - os-Jt1GKqLhcx-uvTNwLYhkgxu_4 ASDF text none sap
2019-07-25 16:25:51,285 - [INFO] - os-Jt1GKqLhcx-uvTNwLYhkgxu_4 ASDF text none sap
2019-07-25 16:30:19,275 - [INFO] - os-Jt1JXCjapsu_qV3V5ZmwT-kLI 咖啡杯子 text residual_waste sap
2019-07-25 16:30:24,258 - [INFO] - os-Jt1JXCjapsu_qV3V5ZmwT-kLI 咖啡杯子 text residual_waste sap
2019-07-25 16:30:26,987 - [INFO] - os-Jt1JXCjapsu_qV3V5ZmwT-kLI 咖啡杯子 text residual_waste sap
2019-07-25 16:46:15,275 - [INFO] - os-Jt1LVh7_WzvMg3r5mvrdeOggg 松子壳 text household_food_waste sap
2019-07-25 16:46:17,900 - [INFO] - os-Jt1LVh7_WzvMg3r5mvrdeOggg 松子壳 text household_food_waste sap
2019-07-25 17:07:51,141 - [INFO] - os-Jt1P1rw_2GSpWwzsVgLCPS1wc 饼干 text household_food_waste Shanghai
2019-07-25 17:50:07,245 - [INFO] - os-Jt1EmmPWDNQ6UoJiICP8w7xTw 镜子 text residual_waste Shanghai
2019-07-25 17:51:57,713 - [INFO] - os-Jt1GtXspZ4C_lvvy_HgmyvdAI 鸡蛋壳 text household_food_waste Shanghai
2019-07-25 17:54:18,666 - [INFO] - os-Jt1NJUvRfg01Opa1fYxm2TtHw 前男友 text harmful-waste sap
2019-07-25 17:54:23,481 - [INFO] - os-Jt1NJUvRfg01Opa1fYxm2TtHw 前男友 text harmful-waste sap
2019-07-25 17:54:35,666 - [INFO] - os-Jt1NJUvRfg01Opa1fYxm2TtHw 湿垃圾 text household_food_waste sap
2019-07-25 18:21:20,284 - [INFO] - os-Jt1KxrFQLeNSYZ_4cH8JrTGeQ 面膜 voice residual_waste Shanghai
2019-07-25 18:21:40,036 - [INFO] - os-Jt1KxrFQLeNSYZ_4cH8JrTGeQ 面膜 text residual_waste Shanghai
2019-07-25 18:39:56,315 - [INFO] - os-Jt1NHvbK81xj_JGhh58mtY88U 笔芯 text residual_waste Shanghai
2019-07-25 18:42:33,412 - [INFO] - os-Jt1NHvbK81xj_JGhh58mtY88U 指甲油 text harmful-waste Shanghai
2019-07-25 18:47:24,294 - [INFO] - os-Jt1NHvbK81xj_JGhh58mtY88U U盘 text recyclable sap
2019-07-25 18:48:54,857 - [INFO] - os-Jt1NHvbK81xj_JGhh58mtY88U 橡胶 text residual_waste sap
2019-07-25 18:49:08,496 - [INFO] - os-Jt1NHvbK81xj_JGhh58mtY88U 橡胶 text residual_waste sap
2019-07-25 18:57:15,981 - [INFO] - os-Jt1GVwk3iA5l3-R_YC2K7YO3Q U盘 text recyclable sap
2019-07-25 18:57:16,818 - [INFO] - os-Jt1GVwk3iA5l3-R_YC2K7YO3Q U盘 text recyclable sap
2019-07-25 18:57:16,865 - [INFO] - os-Jt1GVwk3iA5l3-R_YC2K7YO3Q u盘 text recyclable sap
2019-07-25 18:57:17,421 - [INFO] - os-Jt1GVwk3iA5l3-R_YC2K7YO3Q u盘 text recyclable sap
2019-07-25 18:57:19,856 - [INFO] - os-Jt1GVwk3iA5l3-R_YC2K7YO3Q u盘 text recyclable sap
2019-07-25 18:57:19,944 - [INFO] - os-Jt1GVwk3iA5l3-R_YC2K7YO3Q U盘 text recyclable sap
2019-07-25 18:57:24,071 - [INFO] - os-Jt1GVwk3iA5l3-R_YC2K7YO3Q u盘 text recyclable sap
2019-07-25 18:57:31,329 - [INFO] - os-Jt1GVwk3iA5l3-R_YC2K7YO3Q U盘 text recyclable sap
2019-07-25 18:57:42,854 - [INFO] - os-Jt1GVwk3iA5l3-R_YC2K7YO3Q 钥匙 text recyclable Shanghai
2019-07-25 18:57:51,031 - [INFO] - os-Jt1GVwk3iA5l3-R_YC2K7YO3Q 水果 text household_food_waste sap
2019-07-25 19:32:26,618 - [INFO] - os-Jt1PFXlrEYUfHTIFgVKKueKIU 泡沫塑料 text recyclable Shanghai
2019-07-25 20:01:19,729 - [INFO] - os-Jt1F-NdoJVHTXbX_K2FaM0Yxo 骨头 text household_food_waste sap
2019-07-25 20:01:20,549 - [INFO] - os-Jt1F-NdoJVHTXbX_K2FaM0Yxo 骨头 text household_food_waste sap
2019-07-25 20:01:21,007 - [INFO] - os-Jt1F-NdoJVHTXbX_K2FaM0Yxo 骨头 text household_food_waste sap
2019-07-25 20:01:21,124 - [INFO] - os-Jt1F-NdoJVHTXbX_K2FaM0Yxo 骨头 text household_food_waste sap
2019-07-25 20:01:21,979 - [INFO] - os-Jt1F-NdoJVHTXbX_K2FaM0Yxo 骨头 text household_food_waste sap
2019-07-25 20:01:23,964 - [INFO] - os-Jt1F-NdoJVHTXbX_K2FaM0Yxo 骨头 text household_food_waste sap
2019-07-25 20:05:22,082 - [INFO] - os-Jt1GVwk3iA5l3-R_YC2K7YO3Q 大米 text household_food_waste Shanghai
2019-07-25 20:06:16,816 - [INFO] - os-Jt1GVwk3iA5l3-R_YC2K7YO3Q 小米 text household_food_waste Shanghai
2019-07-25 20:07:12,079 - [INFO] - os-Jt1GVwk3iA5l3-R_YC2K7YO3Q 肉 text household_food_waste Shanghai
2019-07-25 20:52:12,746 - [INFO] - os-Jt1En0Wtb4RQSkty3xWgnCE4s 土豆 text household_food_waste Shanghai
2019-07-25 20:52:26,869 - [INFO] - os-Jt1En0Wtb4RQSkty3xWgnCE4s 瓜子 text household_food_waste Shanghai
2019-07-25 20:53:14,109 - [INFO] - os-Jt1En0Wtb4RQSkty3xWgnCE4s 湿巾 text residual_waste sap
2019-07-25 20:53:15,763 - [INFO] - os-Jt1En0Wtb4RQSkty3xWgnCE4s 湿巾 text residual_waste sap
2019-07-25 20:53:16,765 - [INFO] - os-Jt1En0Wtb4RQSkty3xWgnCE4s 湿巾 text residual_waste sap
2019-07-25 20:53:16,878 - [INFO] - os-Jt1En0Wtb4RQSkty3xWgnCE4s 湿巾 text residual_waste sap
2019-07-25 20:53:17,993 - [INFO] - os-Jt1En0Wtb4RQSkty3xWgnCE4s 湿巾 text residual_waste sap
2019-07-25 20:53:20,022 - [INFO] - os-Jt1En0Wtb4RQSkty3xWgnCE4s 湿巾 text residual_waste sap
2019-07-25 20:58:22,974 - [INFO] - os-Jt1AUhuciWa8iKAyOIgrJRjok ？？？？ text none sap
2019-07-25 20:58:43,011 - [INFO] - os-Jt1AUhuciWa8iKAyOIgrJRjok ？？？？ text none sap
2019-07-25 21:04:37,746 - [INFO] - os-Jt1Bv7FhFrGmAcXdLj7YwUdr4 iPad的 text recyclable sap
2019-07-25 21:04:54,320 - [INFO] - os-Jt1Bv7FhFrGmAcXdLj7YwUdr4 手机壳 text residual_waste Shanghai
2019-07-25 21:07:11,202 - [INFO] - os-Jt1JfsvU21RVu0IozVzcRZcNw 中药渣 text household_food_waste Shanghai
2019-07-25 21:24:52,644 - [INFO] - os-Jt1BJ9Alj0QzqFufeqrxMP7oI 樱桃核 text household_food_waste sap
2019-07-25 21:24:53,812 - [INFO] - os-Jt1BJ9Alj0QzqFufeqrxMP7oI 樱桃核 text household_food_waste sap
2019-07-25 22:14:39,722 - [INFO] - os-Jt1PPNQwfPYyvTg7F6nb4lqHs 塑料瓶 text recyclable Shanghai
2019-07-25 22:40:29,807 - [INFO] - os-Jt1K2XIRe5jUwuzDkXhs_dS4M 鸭脖子 text household_food_waste sap
2019-07-25 23:36:45,935 - [INFO] - os-Jt1IzFga3oFTx3wySxcw0sZIE 花露水空瓶 text recyclable sap
2019-07-25 23:36:52,404 - [INFO] - os-Jt1IzFga3oFTx3wySxcw0sZIE 花露水空瓶 text recyclable sap
2019-07-25 23:36:57,718 - [INFO] - os-Jt1IzFga3oFTx3wySxcw0sZIE 花露水瓶 text recyclable sap
2019-07-25 23:37:05,224 - [INFO] - os-Jt1IzFga3oFTx3wySxcw0sZIE 花露水瓶 text recyclable sap
2019-07-25 23:37:05,530 - [INFO] - os-Jt1IzFga3oFTx3wySxcw0sZIE 花露水空瓶 text recyclable sap
2019-07-25 23:37:13,292 - [INFO] - os-Jt1IzFga3oFTx3wySxcw0sZIE 花露水瓶 text recyclable sap
2019-07-25 23:48:25,703 - [INFO] - os-Jt1CN3UjxRsu-tke6W7MD8vGI 用过的面膜 text residual_waste sap
2019-07-26 00:41:08,754 - [INFO] - os-Jt1ChfAGb8qhClPQiXWl-wwHw 喷雾瓶 text residual_waste sap
2019-07-26 00:41:09,430 - [INFO] - os-Jt1ChfAGb8qhClPQiXWl-wwHw 喷雾瓶 text residual_waste sap
2019-07-26 00:41:12,803 - [INFO] - os-Jt1ChfAGb8qhClPQiXWl-wwHw 喷雾瓶 text residual_waste sap
2019-07-26 02:51:45,403 - [INFO] - os-Jt1GVwk3iA5l3-R_YC2K7YO3Q 贝壳 text residual_waste Shanghai
2019-07-26 02:51:53,886 - [INFO] - os-Jt1GVwk3iA5l3-R_YC2K7YO3Q 小朋友 text none sap
2019-07-26 07:20:29,293 - [INFO] - os-Jt1F49ixzvNirrbcNocFEdxnc 内裤 text residual_waste Shanghai
2019-07-26 07:20:46,788 - [INFO] - os-Jt1F49ixzvNirrbcNocFEdxnc 衣服 text recyclable Shanghai
2019-07-26 08:08:36,468 - [INFO] - os-Jt1Iq0l_9Z9Px1r_Ya9dGv7g8 粽子叶 text residual_waste Shanghai
2019-07-26 08:24:05,895 - [INFO] - os-Jt1GMzO4kMrlNx9H6rOWQTYgc 玉米 text household_food_waste Shanghai
2019-07-26 08:24:22,946 - [INFO] - os-Jt1GMzO4kMrlNx9H6rOWQTYgc 玉米杆子 text household_food_waste sap
2019-07-26 08:24:32,360 - [INFO] - os-Jt1GMzO4kMrlNx9H6rOWQTYgc 玉米杆子 text household_food_waste sap
2019-07-26 08:24:32,656 - [INFO] - os-Jt1GMzO4kMrlNx9H6rOWQTYgc 鸡蛋壳 text household_food_waste Shanghai
2019-07-26 08:30:03,707 - [INFO] - os-Jt1G52mAHSON8-OGDH10hqffE [(u'\u8d8a\u53571988\u5e74\u72481000 Dong\u7eb8\u949e', 0.741541), (u'\u7eb8\u5e01', 0.554901), (u'1\u5143\u4eba\u6c11\u5e01', 0.313204), (u'\u5916\u5e01', 0.162956), (u'\u4eba\u6c11\u5e01', 0.010284)] image none sap
2019-07-26 08:30:07,285 - [INFO] - os-Jt1G52mAHSON8-OGDH10hqffE [(u'\u8d8a\u53571988\u5e74\u72481000 Dong\u7eb8\u949e', 0.741541), (u'\u7eb8\u5e01', 0.554901), (u'1\u5143\u4eba\u6c11\u5e01', 0.313204), (u'\u5916\u5e01', 0.162956), (u'\u4eba\u6c11\u5e01', 0.010284)] image none sap
2019-07-26 08:30:23,030 - [INFO] - os-Jt1G52mAHSON8-OGDH10hqffE [(u'\u8d8a\u53571988\u5e74\u72481000 Dong\u7eb8\u949e', 0.741541), (u'\u7eb8\u5e01', 0.554901), (u'1\u5143\u4eba\u6c11\u5e01', 0.313204), (u'\u5916\u5e01', 0.162956), (u'\u4eba\u6c11\u5e01', 0.010284)] image none sap
2019-07-26 08:49:18,434 - [INFO] - os-Jt1Pp3KDTSBmY38JnXoC82B18 鸡蛋壳 text household_food_waste Shanghai
2019-07-26 09:20:45,976 - [INFO] - os-Jt1MQuTicebnVa0FS89fvXoGw 水笔 text residual_waste Shanghai
2019-07-26 09:20:58,075 - [INFO] - os-Jt1MQuTicebnVa0FS89fvXoGw 圆珠笔 text residual_waste Shanghai
2019-07-26 09:21:04,668 - [INFO] - os-Jt1MQuTicebnVa0FS89fvXoGw 笔芯 text residual_waste Shanghai
2019-07-26 09:21:11,231 - [INFO] - os-Jt1MQuTicebnVa0FS89fvXoGw 弹簧 text recyclable Shanghai
2019-07-26 09:21:26,362 - [INFO] - os-Jt1MQuTicebnVa0FS89fvXoGw 橡胶圈 text residual_waste sap
2019-07-26 09:21:43,646 - [INFO] - os-Jt1MQuTicebnVa0FS89fvXoGw 塑料笔套 text recyclable sap
2019-07-26 10:00:01,562 - [INFO] - os-Jt1FS6Fnpp33B9wHQzieVzTJA 抹布 text residual_waste sap
2019-07-26 10:26:25,365 - [INFO] - os-Jt1GVwk3iA5l3-R_YC2K7YO3Q 苹果 text household_food_waste Shanghai
2019-07-26 10:27:01,768 - [INFO] - os-Jt1GVwk3iA5l3-R_YC2K7YO3Q 拖鞋 text recyclable sap
2019-07-26 10:27:02,552 - [INFO] - os-Jt1GVwk3iA5l3-R_YC2K7YO3Q 拖鞋 text recyclable sap
2019-07-26 10:27:04,932 - [INFO] - os-Jt1GVwk3iA5l3-R_YC2K7YO3Q 拖鞋 text recyclable sap
2019-07-26 10:27:05,381 - [INFO] - os-Jt1GVwk3iA5l3-R_YC2K7YO3Q 饭 text household_food_waste sap
2019-07-26 10:27:05,750 - [INFO] - os-Jt1GVwk3iA5l3-R_YC2K7YO3Q 饭 text household_food_waste sap
2019-07-26 10:27:10,078 - [INFO] - os-Jt1GVwk3iA5l3-R_YC2K7YO3Q 饭 text household_food_waste sap
2019-07-26 10:27:16,325 - [INFO] - os-Jt1GVwk3iA5l3-R_YC2K7YO3Q 拖鞋 text recyclable sap
2019-07-26 10:27:28,248 - [INFO] - os-Jt1GVwk3iA5l3-R_YC2K7YO3Q 拖鞋 text recyclable sap
2019-07-26 10:47:33,526 - [INFO] - os-Jt1KW4hMxvKMoMlv1KSoIV_aA 头发 text residual_waste Shanghai
2019-07-26 10:47:55,949 - [INFO] - os-Jt1KW4hMxvKMoMlv1KSoIV_aA 胡须 text residual_waste sap
2019-07-26 10:47:59,136 - [INFO] - os-Jt1KW4hMxvKMoMlv1KSoIV_aA 胡须 text residual_waste sap
2019-07-26 10:47:59,191 - [INFO] - os-Jt1KW4hMxvKMoMlv1KSoIV_aA 牙齿 text residual_waste Shanghai
2019-07-26 10:48:16,302 - [INFO] - os-Jt1KW4hMxvKMoMlv1KSoIV_aA 酒酿圆子 text household_food_waste sap
2019-07-26 11:55:15,044 - [INFO] - os-Jt1OqCwpr8yq3KUpyo3pu7A8k 粽叶 text residual_waste Shanghai
2019-07-26 12:01:27,372 - [INFO] - os-Jt1AzaWkJs_4n1hhFNXXJNNJA 湿纸巾 text residual_waste Shanghai
2019-07-26 12:02:21,587 - [INFO] - os-Jt1AzaWkJs_4n1hhFNXXJNNJA 手机 text recyclable sap
2019-07-26 12:02:22,151 - [INFO] - os-Jt1AzaWkJs_4n1hhFNXXJNNJA 手机 text recyclable sap
2019-07-26 12:02:26,310 - [INFO] - os-Jt1AzaWkJs_4n1hhFNXXJNNJA 手机 text recyclable sap
2019-07-26 12:02:53,423 - [INFO] - os-Jt1AzaWkJs_4n1hhFNXXJNNJA 手机 text recyclable sap
2019-07-26 12:18:34,179 - [INFO] - os-Jt1LBG3BfFFtDd7Dt82b_uNxk 榴莲皮 text household_food_waste sap
2019-07-26 12:19:05,815 - [INFO] - os-Jt1LBG3BfFFtDd7Dt82b_uNxk 尿 text residual_waste sap
2019-07-26 12:19:18,736 - [INFO] - os-Jt1LBG3BfFFtDd7Dt82b_uNxk 尿 text residual_waste sap
2019-07-26 12:20:11,903 - [INFO] - os-Jt1KtDRnN6RWTMQZCduIDGYsM 药盒 text harmful-waste sap
2019-07-26 12:49:15,724 - [INFO] - os-Jt1Mjsvxm1gYDYoi4jcNSU0FU 鸡蛋壳 text household_food_waste Shanghai
2019-07-26 13:17:06,851 - [INFO] - os-Jt1FImTCV97McxGB1WfN2Mgbs 口香糖 text residual_waste Shanghai
2019-07-26 13:30:00,275 - [INFO] - os-Jt1IHRmvFPnUsrw49LKP9IgK8 易拉罐 text recyclable Shanghai
2019-07-26 13:38:02,747 - [INFO] - os-Jt1OoJGkZcqEVP34tocdOv7Gw 桃子 text household_food_waste Shanghai
2019-07-26 13:38:25,117 - [INFO] - os-Jt1OoJGkZcqEVP34tocdOv7Gw 桃核 text household_food_waste Shanghai
2019-07-26 13:40:11,001 - [INFO] - os-Jt1BKSZfdmGtVa3yCBKwNnUeE 塑料瓶 text recyclable Shanghai
2019-07-26 13:49:19,064 - [INFO] - os-Jt1MXPpBG8SRAa17NyYJkrVys 头发 text residual_waste Shanghai
2019-07-26 13:50:32,239 - [INFO] - os-Jt1MXPpBG8SRAa17NyYJkrVys 钥匙扣 text recyclable sap
2019-07-26 13:54:30,382 - [INFO] - os-Jt1MXPpBG8SRAa17NyYJkrVys 火腿 text household_food_waste Shanghai
2019-07-26 13:57:29,870 - [INFO] - os-Jt1PU5hbad-nz0kNHRwW7kW7U 猪骨头 voice residual_waste sap
2019-07-26 14:41:17,691 - [INFO] - os-Jt1LXGhnzBzYFkFmHUuSHnwoA 口香糖 text residual_waste Shanghai
2019-07-26 14:59:09,363 - [INFO] - os-Jt1J90bKfKfgvCdUdmYRaLp4I a4纸 text recyclable sap
2019-07-26 14:59:11,921 - [INFO] - os-Jt1J90bKfKfgvCdUdmYRaLp4I a4纸 text recyclable sap
2019-07-26 15:05:23,363 - [INFO] - os-Jt1CPS5pagys1XXq2GVMM2UMg 玉米 text household_food_waste Shanghai
2019-07-26 15:06:18,319 - [INFO] - os-Jt1CPS5pagys1XXq2GVMM2UMg 玉米皮 text residual_waste Shanghai
2019-07-26 15:06:27,927 - [INFO] - os-Jt1CPS5pagys1XXq2GVMM2UMg 玉米穗 text household_food_waste Shanghai
2019-07-26 15:06:35,303 - [INFO] - os-Jt1CPS5pagys1XXq2GVMM2UMg 玉米核 text none sap
2019-07-26 15:06:36,616 - [INFO] - os-Jt1CPS5pagys1XXq2GVMM2UMg 玉米核 text none sap
2019-07-26 15:06:40,855 - [INFO] - os-Jt1CPS5pagys1XXq2GVMM2UMg 玉米核 text none sap
2019-07-26 15:07:35,618 - [INFO] - os-Jt1CPS5pagys1XXq2GVMM2UMg 玉米棒 text household_food_waste Shanghai
2019-07-26 15:07:48,337 - [INFO] - os-Jt1CPS5pagys1XXq2GVMM2UMg 玉米粒 text household_food_waste sap
2019-07-26 15:12:28,762 - [INFO] - os-Jt1GVwk3iA5l3-R_YC2K7YO3Q 口香糖盒子 text residual_waste sap
2019-07-26 16:18:59,907 - [INFO] - os-Jt1ELKvjFOmlDEu3D6IKs6qJU 口香糖 text residual_waste Shanghai
2019-07-26 16:41:27,524 - [INFO] - os-Jt1Ea0XxIuS9OURdi5666MtL0 小米粥 text none sap
2019-07-26 16:41:29,550 - [INFO] - os-Jt1Ea0XxIuS9OURdi5666MtL0 小米粥 text none sap
2019-07-26 16:41:32,258 - [INFO] - os-Jt1Ea0XxIuS9OURdi5666MtL0 小米粥 text none sap
2019-07-26 16:42:09,235 - [INFO] - os-Jt1Ea0XxIuS9OURdi5666MtL0 粥 text household_food_waste sap
2019-07-26 16:42:13,446 - [INFO] - os-Jt1Ea0XxIuS9OURdi5666MtL0 粥 text household_food_waste sap
2019-07-26 16:42:15,045 - [INFO] - os-Jt1Ea0XxIuS9OURdi5666MtL0 粥 text household_food_waste sap
2019-07-26 16:44:24,530 - [INFO] - os-Jt1Ea0XxIuS9OURdi5666MtL0 【收到不支持的消息类型，暂无法显示】 text none sap
2019-07-26 16:44:30,409 - [INFO] - os-Jt1Ea0XxIuS9OURdi5666MtL0 【收到不支持的消息类型，暂无法显示】 text none sap
2019-07-26 16:48:44,094 - [INFO] - os-Jt1AJWuvOSiok1YwS-2Q_kXwI 茶叶包 text residual_waste Shanghai
2019-07-26 16:50:33,320 - [INFO] - os-Jt1ELKvjFOmlDEu3D6IKs6qJU 单片页 text recyclable sap
2019-07-26 16:50:59,463 - [INFO] - os-Jt1ELKvjFOmlDEu3D6IKs6qJU 文件保护袋 text none sap
2019-07-26 16:56:57,231 - [INFO] - os-Jt1B_QBhDuM-92ToUxOb562EA 钥匙 text recyclable Shanghai
2019-07-26 17:08:13,319 - [INFO] - os-Jt1PkdZp1O9ejfUs8GtsvjrCQ 玻璃瓶 text recyclable Shanghai
2019-07-26 17:08:28,094 - [INFO] - os-Jt1PkdZp1O9ejfUs8GtsvjrCQ 玻璃渣 text recyclable sap
