2019-07-23 10:57:35,623 - [INFO] - os-Jt1HW97Fqc9iid04JFlEDjCXo 眼镜片 text residual_waste sap
2019-07-23 10:57:37,357 - [INFO] - os-Jt1HW97Fqc9iid04JFlEDjCXo 眼镜片 text residual_waste sap
2019-07-23 10:58:20,725 - [INFO] - os-Jt1HW97Fqc9iid04JFlEDjCXo 苹果电脑 text recyclable sap
2019-07-23 10:58:33,058 - [INFO] - os-Jt1HW97Fqc9iid04JFlEDjCXo 手表 text recyclable sap
2019-07-23 10:59:07,689 - [INFO] - os-Jt1HW97Fqc9iid04JFlEDjCXo 还工作吗 text none sap
2019-07-23 11:07:36,192 - [INFO] - os-Jt1HJKmdHj_Py55-S78RETI6I 西瓜籽 text household_food_waste Shanghai
2019-07-23 11:07:56,687 - [INFO] - os-Jt1HJKmdHj_Py55-S78RETI6I 避孕套 text residual_waste Shanghai
2019-07-23 11:08:24,914 - [INFO] - os-Jt1HJKmdHj_Py55-S78RETI6I 车 text recyclable sap
2019-07-23 11:08:44,883 - [INFO] - os-Jt1HJKmdHj_Py55-S78RETI6I 牛 text none sap
2019-07-23 11:09:01,667 - [INFO] - os-Jt1HJKmdHj_Py55-S78RETI6I 火锅 text household_food_waste sap
2019-07-23 11:09:11,045 - [INFO] - os-Jt1K7pyy7Ic8GkpsmEA6LZaWs 香水瓶 text recyclable sap
2019-07-23 11:09:37,723 - [INFO] - os-Jt1K7pyy7Ic8GkpsmEA6LZaWs 石榴 text household_food_waste sap
2019-07-23 11:09:59,229 - [INFO] - os-Jt1K7pyy7Ic8GkpsmEA6LZaWs 杯子 text residual_waste sap
2019-07-23 11:10:07,795 - [INFO] - os-Jt1K7pyy7Ic8GkpsmEA6LZaWs 果壳 text household_food_waste sap
2019-07-23 11:12:10,499 - [INFO] - os-Jt1K7pyy7Ic8GkpsmEA6LZaWs 酒精 text harmful-waste sap
2019-07-23 11:12:19,954 - [INFO] - os-Jt1K7pyy7Ic8GkpsmEA6LZaWs 食用油 text household_food_waste sap
2019-07-23 11:12:46,346 - [INFO] - os-Jt1K7pyy7Ic8GkpsmEA6LZaWs 调色板 text harmful-waste sap
2019-07-23 11:13:16,399 - [INFO] - os-Jt1K7pyy7Ic8GkpsmEA6LZaWs 食品盒 text residual_waste sap
2019-07-23 11:34:02,070 - [INFO] - os-Jt1OQQ035jS6oKuUiCk6FawTQ 快递纸袋 text recyclable Shanghai
2019-07-23 11:36:10,215 - [INFO] - os-Jt1PfETXqApLKfH7nqZ4PE3bM 纸张 text none sap
2019-07-23 11:36:12,402 - [INFO] - os-Jt1JEOnX4RZWJxpMo7Fb4rV-A 水平 voice recyclable sap
2019-07-23 11:36:21,901 - [INFO] - os-Jt1PfETXqApLKfH7nqZ4PE3bM 纸 text recyclable Shanghai
2019-07-23 11:36:31,951 - [INFO] - os-Jt1JEOnX4RZWJxpMo7Fb4rV-A 塑料瓶 voice recyclable sap
2019-07-23 11:36:45,862 - [INFO] - os-Jt1JEOnX4RZWJxpMo7Fb4rV-A 水果 voice household_food_waste sap
2019-07-23 11:37:03,240 - [INFO] - os-Jt1JEOnX4RZWJxpMo7Fb4rV-A 纸巾 voice residual_waste Shanghai
2019-07-23 11:48:23,432 - [INFO] - os-Jt1NqclTPn1Rmp3Enhk0p3AdU 过期的盘尼西林 text harmful-waste sap
2019-07-23 11:53:11,739 - [INFO] - os-Jt1PMAhvkooCFU5mmJdRW2LVw 木牙签 text none sap
2019-07-23 11:53:40,042 - [INFO] - os-Jt1PMAhvkooCFU5mmJdRW2LVw 木签 text recyclable sap
2019-07-23 11:54:16,131 - [INFO] - os-Jt1NqclTPn1Rmp3Enhk0p3AdU 鸡蛋壳 text household_food_waste Shanghai
2019-07-23 11:56:01,100 - [INFO] - os-Jt1H7lcxJRmOKu1xhpS-OzrNM 蒜皮 text household_food_waste Shanghai
2019-07-23 12:00:49,815 - [INFO] - os-Jt1JXCjapsu_qV3V5ZmwT-kLI 电器 text recyclable sap
2019-07-23 12:01:11,628 - [INFO] - os-Jt1JXCjapsu_qV3V5ZmwT-kLI 吸尘器 text recyclable sap
2019-07-23 12:01:19,797 - [INFO] - os-Jt1JXCjapsu_qV3V5ZmwT-kLI 电动剃须刀 text recyclable sap
2019-07-23 12:01:40,262 - [INFO] - os-Jt1JXCjapsu_qV3V5ZmwT-kLI 电池 text harmful-waste Shanghai
2019-07-23 12:16:45,769 - [INFO] - os-Jt1IbW5N83TMQMI6ddms4jgy8 蛋壳 text household_food_waste Shanghai
2019-07-23 12:17:04,634 - [INFO] - os-Jt1IbW5N83TMQMI6ddms4jgy8 西瓜子 text household_food_waste sap
2019-07-23 12:17:30,237 - [INFO] - os-Jt1IbW5N83TMQMI6ddms4jgy8 塑料袋 text residual_waste Shanghai
2019-07-23 12:17:49,180 - [INFO] - os-Jt1IbW5N83TMQMI6ddms4jgy8 螃蟹壳 text household_food_waste Shanghai
2019-07-23 12:18:40,393 - [INFO] - os-Jt1IbW5N83TMQMI6ddms4jgy8 吸管 text residual_waste Shanghai
2019-07-23 12:19:08,061 - [INFO] - os-Jt1IbW5N83TMQMI6ddms4jgy8 碎纸 text residual_waste sap
2019-07-23 12:19:25,429 - [INFO] - os-Jt1IbW5N83TMQMI6ddms4jgy8 大骨头 text residual_waste Shanghai
2019-07-23 12:29:38,313 - [INFO] - os-Jt1CN3UjxRsu-tke6W7MD8vGI 茶叶 text household_food_waste Shanghai
2019-07-23 12:30:53,711 - [INFO] - os-Jt1ARq5VaoEKMp0Tw_IYb2cac 椰子壳 text residual_waste Shanghai
2019-07-23 12:33:23,438 - [INFO] - os-Jt1HXONwKp1DhqUpOOrBYLnyU 冰袋是什么垃圾？ text residual_waste sap
2019-07-23 12:33:31,296 - [INFO] - os-Jt1MSxIdN6RtZGEVt7oGLMLSU 蛤蜊壳 text residual_waste Shanghai
2019-07-23 12:33:49,578 - [INFO] - os-Jt1MSxIdN6RtZGEVt7oGLMLSU 鸡蛋壳 text household_food_waste Shanghai
2019-07-23 12:34:20,761 - [INFO] - os-Jt1MSxIdN6RtZGEVt7oGLMLSU 收银条 text recyclable Shanghai
2019-07-23 12:34:48,271 - [INFO] - os-Jt1MSxIdN6RtZGEVt7oGLMLSU 空的洗发水瓶 text recyclable sap
2019-07-23 12:34:57,095 - [INFO] - os-Jt1MSxIdN6RtZGEVt7oGLMLSU 空的洗发水瓶 text recyclable sap
2019-07-23 12:47:03,431 - [INFO] - os-Jt1OkzdBnH8ziqgbzegKGSqyM 椰子壳 text residual_waste Shanghai
2019-07-23 13:02:35,209 - [INFO] - os-Jt1DRmzSziiSTMR97GU8vZiwY 键盘 image recyclable sap
2019-07-23 13:02:35,209 - [INFO] - os-Jt1DRmzSziiSTMR97GU8vZiwY 键盘 image recyclable sap
2019-07-23 13:02:40,035 - [INFO] - os-Jt1DRmzSziiSTMR97GU8vZiwY 键盘 image recyclable sap
2019-07-23 13:02:40,035 - [INFO] - os-Jt1DRmzSziiSTMR97GU8vZiwY 键盘 image recyclable sap
2019-07-23 13:02:42,159 - [INFO] - os-Jt1DRmzSziiSTMR97GU8vZiwY 键盘 image recyclable sap
2019-07-23 13:02:42,159 - [INFO] - os-Jt1DRmzSziiSTMR97GU8vZiwY 键盘 image recyclable sap
2019-07-23 13:04:11,428 - [INFO] - os-Jt1DRmzSziiSTMR97GU8vZiwY 玉米棒 text household_food_waste Shanghai
2019-07-23 13:04:38,230 - [INFO] - os-Jt1DRmzSziiSTMR97GU8vZiwY 玉米皮 text residual_waste Shanghai
2019-07-23 13:05:06,319 - [INFO] - os-Jt1DRmzSziiSTMR97GU8vZiwY 粽子叶 text residual_waste Shanghai
2019-07-23 13:38:36,707 - [INFO] - os-Jt1GSQEN2hrdUhHXKcNXwiRT8 袋泡茶 text residual_waste sap
2019-07-23 13:38:38,511 - [INFO] - os-Jt1GSQEN2hrdUhHXKcNXwiRT8 袋泡茶 text residual_waste sap
2019-07-23 13:40:15,892 - [INFO] - os-Jt1G6NnYkx2T-FWOUd4-eHZQk 米饭 text household_food_waste Shanghai
2019-07-23 13:41:06,698 - [INFO] - os-Jt1POxyTWmXt2htDMHcHmJBkc 裤子 text recyclable Shanghai
2019-07-23 13:41:30,105 - [INFO] - os-Jt1GSQEN2hrdUhHXKcNXwiRT8 茶叶 text household_food_waste Shanghai
2019-07-23 13:45:26,822 - [INFO] - os-Jt1J5NUQGXl7C4k4FaO5p9LTU 泥土 text residual_waste sap
2019-07-23 13:47:36,398 - [INFO] - os-Jt1J5NUQGXl7C4k4FaO5p9LTU 营养液 text none sap
2019-07-23 13:59:34,807 - [INFO] - os-Jt1D72dxgqJPIxr4s5fL-QHB0 淘宝是什么垃圾 voice none sap
2019-07-23 13:59:42,079 - [INFO] - os-Jt1D72dxgqJPIxr4s5fL-QHB0 桃子 voice household_food_waste Shanghai
2019-07-23 13:59:54,371 - [INFO] - os-Jt1D72dxgqJPIxr4s5fL-QHB0 一次性水杯 voice residual_waste sap
2019-07-23 14:16:40,969 - [INFO] - os-Jt1JbT2CUckOpUdOzg0ddM3Qs 茶叶 text household_food_waste Shanghai
2019-07-23 14:17:08,570 - [INFO] - os-Jt1JbT2CUckOpUdOzg0ddM3Qs 干茶叶 text household_food_waste Shanghai
2019-07-23 14:25:02,446 - [INFO] - os-Jt1J9ZxYnguxB3aAIEU2Sx2yk 袋装薯片 text residual_waste sap
2019-07-23 14:25:28,473 - [INFO] - os-Jt1J9ZxYnguxB3aAIEU2Sx2yk 薯片 text household_food_waste Shanghai
2019-07-23 14:28:09,254 - [INFO] - os-Jt1J9ZxYnguxB3aAIEU2Sx2yk 地球 text recyclable sap
2019-07-23 14:28:10,247 - [INFO] - os-Jt1J9ZxYnguxB3aAIEU2Sx2yk 地球 text recyclable sap
2019-07-23 15:03:47,110 - [INFO] - os-Jt1MwtB5L6eQEq74oz_30TAUg 塑料瓶 text recyclable sap
2019-07-23 15:27:15,047 - [INFO] - os-Jt1MYLbZnSfLcYI4ao13niDJM 飘逸杯 image residual_waste sap
2019-07-23 15:27:45,260 - [INFO] - os-Jt1MYLbZnSfLcYI4ao13niDJM [(u'\u76c6\u683d\u690d\u7269', 0.80311), (u'\u5927\u53f6\u4f1e', 0.522428), (u'\u53d1\u8d22\u6811', 0.354517), (u'\u5438\u9876\u706f', 0.18669), (u'\u5e78\u798f\u6811', 0.014455)] image none sap
2019-07-23 15:27:45,852 - [INFO] - os-Jt1MYLbZnSfLcYI4ao13niDJM [(u'\u76c6\u683d\u690d\u7269', 0.80311), (u'\u5927\u53f6\u4f1e', 0.522428), (u'\u53d1\u8d22\u6811', 0.354517), (u'\u5438\u9876\u706f', 0.18669), (u'\u5e78\u798f\u6811', 0.014455)] image none sap
2019-07-23 15:43:27,335 - [INFO] - os-Jt1B3H5NkzEXASc9BgC4g8oAI 鸡骨头 text household_food_waste Shanghai
2019-07-23 15:56:12,904 - [INFO] - os-Jt1L9TGbQXiD587XmiQ130_-Y 面包 text household_food_waste Shanghai
2019-07-23 15:56:33,534 - [INFO] - os-Jt1L9TGbQXiD587XmiQ130_-Y 电池 text harmful-waste Shanghai
2019-07-23 15:56:57,954 - [INFO] - os-Jt1AoEbeRVetVWlnWCvl9BeAE 垃圾 text introduction sap
2019-07-23 15:59:13,628 - [INFO] - os-Jt1AoEbeRVetVWlnWCvl9BeAE 缸管材，喇西喃恁放 text recyclable sap
2019-07-23 16:01:49,060 - [INFO] - os-Jt1Mt8Z6wPaZS5vLvYTbLwM-Q 烟灰 text residual_waste sap
2019-07-23 16:10:14,085 - [INFO] - os-Jt1LwGUCuOhe4V0LHVWZlwfCg 瓜子 text household_food_waste Shanghai
2019-07-23 16:18:08,130 - [INFO] - os-Jt1L9TGbQXiD587XmiQ130_-Y 茶叶 text household_food_waste Shanghai
2019-07-23 16:20:00,157 - [INFO] - os-Jt1LwGUCuOhe4V0LHVWZlwfCg 电纹香片 text recyclable sap
2019-07-23 16:20:00,835 - [INFO] - os-Jt1LwGUCuOhe4V0LHVWZlwfCg 电纹香片 text recyclable sap
